orlis/open_source_benchmarks/apps/org.pulpdust.lesserpad_37_src.tar.gz/app/build/intermediates/proguard-rules/release/aapt_rules.txt
# view AndroidManifest.xml #generated:71
-keep class org.pulpdust.lesserpad.CategoryEditor { <init>(...); }

# view AndroidManifest.xml #generated:29
-keep class org.pulpdust.lesserpad.LesserPadActivity { <init>(...); }

# view land-v21/res/layout-land-v21/activity_lesser_pad.xml #generated:54
# view res/layout/activity_lesser_pad.xml #generated:38
# view v21/res/layout-v21/activity_lesser_pad.xml #generated:52
-keep class org.pulpdust.lesserpad.LesserPadActivity$EditMemo { <init>(...); }

# view AndroidManifest.xml #generated:18
-keep class org.pulpdust.lesserpad.LesserPadListActivity { <init>(...); }

# view AndroidManifest.xml #generated:67
-keep class org.pulpdust.lesserpad.LesserPadPrefs { <init>(...); }

# view AndroidManifest.xml #generated:76
-keep class org.pulpdust.lesserpad.ProtectActivity { <init>(...); }