orlis/open_source_benchmarks/apps/org.pulpdust.lesserpad_37_src.tar.gz/app/build/outputs/mapping/release/seeds.txt
org.pulpdust.lesserpad.BuildConfig
org.pulpdust.lesserpad.BuildConfig: BuildConfig()
org.pulpdust.lesserpad.CategoryEditor
org.pulpdust.lesserpad.CategoryEditor: CategoryEditor()
org.pulpdust.lesserpad.CategoryEditor: void onCreate(android.os.Bundle)
org.pulpdust.lesserpad.CategoryEditor: boolean isDeletable(java.lang.String)
org.pulpdust.lesserpad.CategoryEditor: void namingOhji(java.lang.String)
org.pulpdust.lesserpad.CategoryEditor: void sureDelete()
org.pulpdust.lesserpad.CategoryEditor: boolean setAble(boolean,boolean)
org.pulpdust.lesserpad.CategoryEditor: void readPrefs()
org.pulpdust.lesserpad.CategoryEditor$1
org.pulpdust.lesserpad.CategoryEditor$1: CategoryEditor$1(org.pulpdust.lesserpad.CategoryEditor)
org.pulpdust.lesserpad.CategoryEditor$1: void onClick(android.view.View)
org.pulpdust.lesserpad.CategoryEditor$2
org.pulpdust.lesserpad.CategoryEditor$2: CategoryEditor$2(org.pulpdust.lesserpad.CategoryEditor)
org.pulpdust.lesserpad.CategoryEditor$2: void onClick(android.view.View)
org.pulpdust.lesserpad.CategoryEditor$3
org.pulpdust.lesserpad.CategoryEditor$3: CategoryEditor$3(org.pulpdust.lesserpad.CategoryEditor)
org.pulpdust.lesserpad.CategoryEditor$3: void onClick(android.view.View)
org.pulpdust.lesserpad.CategoryEditor$4
org.pulpdust.lesserpad.CategoryEditor$4: CategoryEditor$4(org.pulpdust.lesserpad.CategoryEditor)
org.pulpdust.lesserpad.CategoryEditor$4: void onItemClick(android.widget.AdapterView,android.view.View,int,long)
org.pulpdust.lesserpad.CategoryEditor$5
org.pulpdust.lesserpad.CategoryEditor$5: CategoryEditor$5(org.pulpdust.lesserpad.CategoryEditor,java.lang.String)
org.pulpdust.lesserpad.CategoryEditor$5: void onClick(android.content.DialogInterface,int)
org.pulpdust.lesserpad.CategoryEditor$6
org.pulpdust.lesserpad.CategoryEditor$6: CategoryEditor$6(org.pulpdust.lesserpad.CategoryEditor)
org.pulpdust.lesserpad.CategoryEditor$6: void onClick(android.content.DialogInterface,int)
org.pulpdust.lesserpad.CategoryEditor$7
org.pulpdust.lesserpad.CategoryEditor$7: CategoryEditor$7(org.pulpdust.lesserpad.CategoryEditor)
org.pulpdust.lesserpad.CategoryEditor$7: void onClick(android.content.DialogInterface,int)
org.pulpdust.lesserpad.LesserPadActivity
org.pulpdust.lesserpad.LesserPadActivity: LesserPadActivity()
org.pulpdust.lesserpad.LesserPadActivity: void onCreate(android.os.Bundle)
org.pulpdust.lesserpad.LesserPadActivity: void onStart()
org.pulpdust.lesserpad.LesserPadActivity: void onResume()
org.pulpdust.lesserpad.LesserPadActivity: void onRestart()
org.pulpdust.lesserpad.LesserPadActivity: void onPause()
org.pulpdust.lesserpad.LesserPadActivity: void onStop()
org.pulpdust.lesserpad.LesserPadActivity: void onDestroy()
org.pulpdust.lesserpad.LesserPadActivity: void onSaveInstanceState(android.os.Bundle)
org.pulpdust.lesserpad.LesserPadActivity: void doMove(android.content.Context,int)
org.pulpdust.lesserpad.LesserPadActivity: boolean fileOpen(android.net.Uri)
org.pulpdust.lesserpad.LesserPadActivity: void fileOpened(android.net.Uri)
org.pulpdust.lesserpad.LesserPadActivity: void doSave(java.lang.String)
org.pulpdust.lesserpad.LesserPadActivity: boolean textFiling(java.lang.String)
org.pulpdust.lesserpad.LesserPadActivity: java.lang.String enTitle(int,java.lang.String)
org.pulpdust.lesserpad.LesserPadActivity: void doCopy(java.lang.CharSequence)
org.pulpdust.lesserpad.LesserPadActivity: java.lang.CharSequence getCopy()
org.pulpdust.lesserpad.LesserPadActivity: boolean onPrepareOptionsMenu(android.view.Menu)
org.pulpdust.lesserpad.LesserPadActivity: void forActionBarMenu(android.view.Menu)
org.pulpdust.lesserpad.LesserPadActivity: boolean onCreateOptionsMenu(android.view.Menu)
org.pulpdust.lesserpad.LesserPadActivity$1
org.pulpdust.lesserpad.LesserPadActivity$1: LesserPadActivity$1(org.pulpdust.lesserpad.LesserPadActivity)
org.pulpdust.lesserpad.LesserPadActivity$1: void onClick(android.view.View)
...
android.support.v4.net.TrafficStatsCompat$TrafficStatsCompatImpl
android.support.v4.net.TrafficStatsCompat$TrafficStatsCompatImpl: void clearThreadStatsTag()
android.support.v4.net.TrafficStatsCompat$TrafficStatsCompatImpl: int getThreadStatsTag()
android.support.v4.net.TrafficStatsCompat$TrafficStatsCompatImpl: void incrementOperationCount(int)
android.support.v4.net.TrafficStatsCompat$TrafficStatsCompatImpl: void incrementOperationCount(int,int)
android.support.v4.net.TrafficStatsCompat$TrafficStatsCompatImpl: void setThreadStatsTag(int)
android.support.v4.net.TrafficStatsCompat$TrafficStatsCompatImpl: void tagSocket(java.net.Socket)
android.support.v4.net.TrafficStatsCompat$TrafficStatsCompatImpl: void untagSocket(java.net.Socket)
android.support.v4.net.TrafficStatsCompatIcs
android.support.v4.net.TrafficStatsCompatIcs: TrafficStatsCompatIcs()
android.support.v4.net.TrafficStatsCompatIcs: void clearThreadStatsTag()
android.support.v4.net.TrafficStatsCompatIcs: int getThreadStatsTag()
android.support.v4.net.TrafficStatsCompatIcs: void incrementOperationCount(int)
android.support.v4.net.TrafficStatsCompatIcs: void incrementOperationCount(int,int)
android.support.v4.net.TrafficStatsCompatIcs: void setThreadStatsTag(int)
android.support.v4.net.TrafficStatsCompatIcs: void tagSocket(java.net.Socket)
android.support.v4.net.TrafficStatsCompatIcs: void untagSocket(java.net.Socket)
android.support.v4.os.EnvironmentCompat
android.support.v4.os.EnvironmentCompat: EnvironmentCompat()
android.support.v4.os.EnvironmentCompat: java.lang.String getStorageState(java.io.File)
android.support.v4.os.EnvironmentCompatKitKat
android.support.v4.os.EnvironmentCompatKitKat: EnvironmentCompatKitKat()
android.support.v4.os.EnvironmentCompatKitKat: java.lang.String getStorageState(java.io.File)
android.support.v4.os.ParcelableCompat
android.support.v4.os.ParcelableCompat: ParcelableCompat()
android.support.v4.os.ParcelableCompat: android.os.Parcelable$Creator newCreator(android.support.v4.os.ParcelableCompatCreatorCallbacks)
android.support.v4.os.ParcelableCompat$CompatCreator
android.support.v4.os.ParcelableCompat$CompatCreator: ParcelableCompat$CompatCreator(android.support.v4.os.ParcelableCompatCreatorCallbacks)
android.support.v4.os.ParcelableCompat$CompatCreator: java.lang.Object createFromParcel(android.os.Parcel)
android.support.v4.os.ParcelableCompat$CompatCreator: java.lang.Object[] newArray(int)
android.support.v4.os.ParcelableCompatCreatorCallbacks
android.support.v4.os.ParcelableCompatCreatorCallbacks: java.lang.Object createFromParcel(android.os.Parcel,java.lang.ClassLoader)
android.support.v4.os.ParcelableCompatCreatorCallbacks: java.lang.Object[] newArray(int)
android.support.v4.os.ParcelableCompatCreatorHoneycombMR2
android.support.v4.os.ParcelableCompatCreatorHoneycombMR2: ParcelableCompatCreatorHoneycombMR2(android.support.v4.os.ParcelableCompatCreatorCallbacks)
android.support.v4.os.ParcelableCompatCreatorHoneycombMR2: java.lang.Object createFromParcel(android.os.Parcel)
android.support.v4.os.ParcelableCompatCreatorHoneycombMR2: java.lang.Object createFromParcel(android.os.Parcel,java.lang.ClassLoader)
android.support.v4.os.ParcelableCompatCreatorHoneycombMR2: java.lang.Object[] newArray(int)
android.support.v4.os.ParcelableCompatCreatorHoneycombMR2Stub
android.support.v4.os.ParcelableCompatCreatorHoneycombMR2Stub: ParcelableCompatCreatorHoneycombMR2Stub()
android.support.v4.os.ParcelableCompatCreatorHoneycombMR2Stub: android.os.Parcelable$Creator instantiate(android.support.v4.os.ParcelableCompatCreatorCallbacks)