orlis/open_source_benchmarks/apps/org.pulpdust.lesserpad_37_src.tar.gz/app/build/outputs/mapping/release/mapping.txt
org.pulpdust.lesserpad.CategoryEditor -> org.pulpdust.lesserpad.CategoryEditor:
    java.io.File path -> a
    java.lang.String default_dir -> b
    float font_size -> c
    int look_style -> d
    android.widget.TextView label -> e
    android.widget.ListView mlist -> f
    android.widget.Button newbtn -> g
    android.widget.Button renbtn -> h
    android.widget.Button delbtn -> i
    android.widget.EditText input -> j
    java.util.List dirs -> k
    android.widget.ArrayAdapter adirs -> l
    java.io.File parent -> m
    java.lang.String name -> n
    boolean isable -> o
    org.pulpdust.lesserpad.libLesserPad llp -> p
    void <init>() -> <init>
    void onCreate(android.os.Bundle) -> onCreate
    boolean isDeletable(java.lang.String) -> isDeletable
    void namingOhji(java.lang.String) -> namingOhji
    void sureDelete() -> sureDelete
    boolean setAble(boolean,boolean) -> setAble
    void readPrefs() -> readPrefs
org.pulpdust.lesserpad.CategoryEditor$1 -> org.pulpdust.lesserpad.CategoryEditor$1:
    org.pulpdust.lesserpad.CategoryEditor this$0 -> a
    void <init>(org.pulpdust.lesserpad.CategoryEditor) -> <init>
    void onClick(android.view.View) -> onClick
org.pulpdust.lesserpad.CategoryEditor$2 -> org.pulpdust.lesserpad.CategoryEditor$2:
    org.pulpdust.lesserpad.CategoryEditor this$0 -> a
    void <init>(org.pulpdust.lesserpad.CategoryEditor) -> <init>
    void onClick(android.view.View) -> onClick
org.pulpdust.lesserpad.CategoryEditor$3 -> org.pulpdust.lesserpad.CategoryEditor$3:
    org.pulpdust.lesserpad.CategoryEditor this$0 -> a
    void <init>(org.pulpdust.lesserpad.CategoryEditor) -> <init>
    void onClick(android.view.View) -> onClick
org.pulpdust.lesserpad.CategoryEditor$4 -> org.pulpdust.lesserpad.CategoryEditor$4:
    org.pulpdust.lesserpad.CategoryEditor this$0 -> a
    void <init>(org.pulpdust.lesserpad.CategoryEditor) -> <init>
    void onItemClick(android.widget.AdapterView,android.view.View,int,long) -> onItemClick
org.pulpdust.lesserpad.CategoryEditor$5 -> org.pulpdust.lesserpad.CategoryEditor$5:
    java.lang.String val$oldname -> a
    org.pulpdust.lesserpad.CategoryEditor this$0 -> b
    void <init>(org.pulpdust.lesserpad.CategoryEditor,java.lang.String) -> <init>
    void onClick(android.content.DialogInterface,int) -> onClick
org.pulpdust.lesserpad.CategoryEditor$6 -> org.pulpdust.lesserpad.CategoryEditor$6:
    org.pulpdust.lesserpad.CategoryEditor this$0 -> a
    void <init>(org.pulpdust.lesserpad.CategoryEditor) -> <init>
    void onClick(android.content.DialogInterface,int) -> onClick
org.pulpdust.lesserpad.CategoryEditor$7 -> org.pulpdust.lesserpad.CategoryEditor$7:
    org.pulpdust.lesserpad.CategoryEditor this$0 -> a
    void <init>(org.pulpdust.lesserpad.CategoryEditor) -> <init>
    void onClick(android.content.DialogInterface,int) -> onClick
...
android.support.v4.app.NoSaveStateFrameLayout -> android.support.v4.app.NoSaveStateFrameLayout:
    android.view.ViewGroup wrap(android.view.View) -> wrap
    void <init>(android.content.Context) -> <init>
    void dispatchSaveInstanceState(android.util.SparseArray) -> dispatchSaveInstanceState
    void dispatchRestoreInstanceState(android.util.SparseArray) -> dispatchRestoreInstanceState
android.support.v4.app.SuperNotCalledException -> android.support.v4.app.SuperNotCalledException:
    void <init>(java.lang.String) -> <init>
android.support.v4.content.Loader -> android.support.v4.content.Loader:
    int mId -> a
    android.support.v4.content.Loader$OnLoadCompleteListener mListener -> b
    boolean mStarted -> c
    boolean mAbandoned -> d
    boolean mReset -> e
    boolean mContentChanged -> f
    boolean mProcessingChange -> g
    void registerListener(int,android.support.v4.content.Loader$OnLoadCompleteListener) -> registerListener
    void unregisterListener(android.support.v4.content.Loader$OnLoadCompleteListener) -> unregisterListener
    void startLoading() -> startLoading
    void onStartLoading() -> onStartLoading
    void stopLoading() -> stopLoading
    void onStopLoading() -> onStopLoading
    void reset() -> reset
    void onReset() -> onReset
    java.lang.String dataToString(java.lang.Object) -> dataToString
    java.lang.String toString() -> toString
    void dump(java.lang.String,java.io.FileDescriptor,java.io.PrintWriter,java.lang.String[]) -> dump
android.support.v4.content.Loader$OnLoadCompleteListener -> android.support.v4.content.Loader$OnLoadCompleteListener:
android.support.v4.util.ArrayMap -> android.support.v4.util.ArrayMap:
    android.support.v4.util.MapCollections mCollections -> a
    void <init>() -> <init>
    android.support.v4.util.MapCollections getCollection() -> getCollection
    void putAll(java.util.Map) -> putAll
    java.util.Set entrySet() -> entrySet
    java.util.Set keySet() -> keySet
    java.util.Collection values() -> values
android.support.v4.util.ArrayMap$1 -> android.support.v4.util.ArrayMap$1:
    android.support.v4.util.ArrayMap this$0 -> a
    void <init>(android.support.v4.util.ArrayMap) -> <init>
    int colGetSize() -> colGetSize
    java.lang.Object colGetEntry(int,int) -> colGetEntry
    int colIndexOfKey(java.lang.Object) -> colIndexOfKey
    int colIndexOfValue(java.lang.Object) -> colIndexOfValue
    java.util.Map colGetMap() -> colGetMap
    void colPut(java.lang.Object,java.lang.Object) -> colPut
    java.lang.Object colSetValue(int,java.lang.Object) -> colSetValue
    void colRemoveAt(int) -> colRemoveAt
    void colClear() -> colClear
android.support.v4.util.ContainerHelpers -> android.support.v4.util.ContainerHelpers:
    int[] EMPTY_INTS -> a
    long[] EMPTY_LONGS -> b
    java.lang.Object[] EMPTY_OBJECTS -> c
    int idealIntArraySize(int) -> idealIntArraySize
    int idealByteArraySize(int) -> idealByteArraySize
    boolean equal(java.lang.Object,java.lang.Object) -> equal
    int binarySearch(int[],int,int) -> binarySearch
    void <clinit>() -> <clinit>
android.support.v4.util.DebugUtils -> android.support.v4.util.DebugUtils:
    void buildShortClassTag(java.lang.Object,java.lang.StringBuilder) -> buildShortClassTag
android.support.v4.util.LogWriter -> android.support.v4.util.LogWriter:
    java.lang.String mTag -> a
    java.lang.StringBuilder mBuilder -> b
    void <init>(java.lang.String) -> <init>
    void close() -> close
    void flush() -> flush
    void write(char[],int,int) -> write
    void flushBuilder() -> flushBuilder