orlis/open_source_benchmarks/apps/org.pulpdust.lesserpad_37_src.tar.gz/app/build/outputs/mapping/release/usage.txt
org.pulpdust.lesserpad.BuildConfig
org.pulpdust.lesserpad.CategoryEditor:
    static final java.lang.String TAG
org.pulpdust.lesserpad.LesserPadActivity:
    static final java.lang.String TAG
    static final int FILE_NEW
    static final int FILE_OPEN
    static final int REQ_PASS_FOR_ENC
    static final int REQ_PASS_FOR_DEC
    java.lang.Byte[] origin
    java.lang.String sname
    int sfmode
    int prostep
org.pulpdust.lesserpad.LesserPadListActivity:
    static final java.lang.String TAG
    static final int SORT_OLD
    static final int SORT_NEW
    static final int SORT_ABC
    static final int SORT_ZYX
    static final int REQ_PASS
org.pulpdust.lesserpad.R
org.pulpdust.lesserpad.R$array
org.pulpdust.lesserpad.R$attr
org.pulpdust.lesserpad.R$drawable
org.pulpdust.lesserpad.R$id
org.pulpdust.lesserpad.R$layout
org.pulpdust.lesserpad.R$menu
org.pulpdust.lesserpad.R$string
org.pulpdust.lesserpad.R$style
org.pulpdust.lesserpad.R$xml
org.pulpdust.lesserpad.forBase:
    7:7:public forBase()
org.pulpdust.lesserpad.forLollipop:
    18:18:public forLollipop()
org.pulpdust.lesserpad.libLesserPad:
    static final int FILE_NEW
    static final int FILE_OPEN
    static final int REQ_PASS_FOR_ENC
    static final int REQ_PASS_FOR_DEC
    static final int REQ_PASS_FOR_OPEN
    static final java.lang.String LPAD_EDIT
    static final java.lang.String LPAD_NEW
    static final java.lang.String DA_LAUNCH
    static final java.lang.String DA_EX_TEXT
    static final java.lang.String DA_EX_THEME
    static final java.lang.String DA_EX_RETURN
    static final java.lang.String CRYPT_PASS
    static final java.lang.String CRYPT_FILE
    static final java.lang.String REQ_PASS_MODE
...
android.support.v4.os.ParcelableCompatCreatorCallbacks
android.support.v4.os.ParcelableCompatCreatorHoneycombMR2
android.support.v4.os.ParcelableCompatCreatorHoneycombMR2Stub
android.support.v4.print.PrintHelper
android.support.v4.print.PrintHelper$1
android.support.v4.print.PrintHelper$PrintHelperKitkatImpl
android.support.v4.print.PrintHelper$PrintHelperStubImpl
android.support.v4.print.PrintHelper$PrintHelperVersionImpl
android.support.v4.print.PrintHelperKitkat
android.support.v4.print.PrintHelperKitkat$1
android.support.v4.print.PrintHelperKitkat$2
android.support.v4.print.PrintHelperKitkat$2$1
android.support.v4.print.PrintHelperKitkat$2$1$1
android.support.v4.text.BidiFormatter
android.support.v4.text.BidiFormatter$1
android.support.v4.text.BidiFormatter$Builder
android.support.v4.text.BidiFormatter$DirectionalityEstimator
android.support.v4.text.ICUCompat
android.support.v4.text.ICUCompat$ICUCompatImpl
android.support.v4.text.ICUCompat$ICUCompatImplBase
android.support.v4.text.ICUCompat$ICUCompatImplIcs
android.support.v4.text.ICUCompatIcs
android.support.v4.text.TextDirectionHeuristicCompat
android.support.v4.text.TextDirectionHeuristicsCompat
android.support.v4.text.TextDirectionHeuristicsCompat$1
android.support.v4.text.TextDirectionHeuristicsCompat$AnyStrong
android.support.v4.text.TextDirectionHeuristicsCompat$FirstStrong
android.support.v4.text.TextDirectionHeuristicsCompat$TextDirectionAlgorithm
android.support.v4.text.TextDirectionHeuristicsCompat$TextDirectionHeuristicImpl
android.support.v4.text.TextDirectionHeuristicsCompat$TextDirectionHeuristicInternal
android.support.v4.text.TextDirectionHeuristicsCompat$TextDirectionHeuristicLocale
android.support.v4.text.TextUtilsCompat
android.support.v4.util.ArrayMap:
    61:62:public ArrayMap(int)
    68:69:public ArrayMap(android.support.v4.util.SimpleArrayMap)
    130:130:public boolean containsAll(java.util.Collection)
    151:151:public boolean removeAll(java.util.Collection)
    161:161:public boolean retainAll(java.util.Collection)
android.support.v4.util.AtomicFile
android.support.v4.util.ContainerHelpers:
    19:19:ContainerHelpers()
    29:29:public static int idealLongArraySize(int)
    65:80:static int binarySearch(long[],int,long)
android.support.v4.util.DebugUtils:
    25:25:public DebugUtils()
android.support.v4.util.LongSparseArray
android.support.v4.util.LruCache
android.support.v4.util.SimpleArrayMap:
    private static final boolean DEBUG
    private static final java.lang.String TAG
    private static final int BASE_SIZE
    private static final int CACHE_SIZE
    217:225:public SimpleArrayMap(int)
    231:235:public SimpleArrayMap(android.support.v4.util.SimpleArrayMap)
    419:432:public void putAll(android.support.v4.util.SimpleArrayMap)
android.support.v4.util.SparseArrayCompat:
    76:76:public java.lang.Object get(int)
    85:90:public java.lang.Object get(int,java.lang.Object)
    98:106:public void delete(int)
    112:113:public void remove(int)
    119:123:public void removeAt(int)
    132:136:public void removeAtRange(int,int)
    172:216:public void put(int,java.lang.Object)
    263:268:public void setValueAt(int,java.lang.Object)
    276:280:public int indexOfKey(int)
    294:302:public int indexOfValue(java.lang.Object)
    325:352:public void append(int,java.lang.Object)
android.support.v4.util.TimeUtils
android.support.v4.view.AccessibilityDelegateCompat
android.support.v4.view.AccessibilityDelegateCompat$AccessibilityDelegateIcsImpl
android.support.v4.view.AccessibilityDelegateCompat$AccessibilityDelegateIcsImpl$1
android.support.v4.view.AccessibilityDelegateCompat$AccessibilityDelegateImpl
android.support.v4.view.AccessibilityDelegateCompat$AccessibilityDelegateJellyBeanImpl
android.support.v4.view.AccessibilityDelegateCompat$AccessibilityDelegateJellyBeanImpl$1
android.support.v4.view.AccessibilityDelegateCompat$AccessibilityDelegateStubImpl
android.support.v4.view.AccessibilityDelegateCompatIcs